c:\users\cryst\downloads\gdp semester 1\6024 - components\llamadrama\solution\llamadrama\llamadrama\x64\debug\vc141.pdb
c:\users\cryst\downloads\gdp semester 1\6024 - components\llamadrama\solution\llamadrama\llamadrama\x64\debug\vc141.idb
c:\users\cryst\downloads\gdp semester 1\6024 - components\llamadrama\solution\llamadrama\llamadrama\x64\debug\loadallmeshes.obj
c:\users\cryst\downloads\gdp semester 1\6024 - components\llamadrama\solution\llamadrama\llamadrama\x64\debug\healthobj.obj
c:\users\cryst\downloads\gdp semester 1\6024 - components\llamadrama\solution\llamadrama\llamadrama\x64\debug\clevelenemytype2.obj
c:\users\cryst\downloads\gdp semester 1\6024 - components\llamadrama\solution\llamadrama\llamadrama\x64\debug\clevelenemytype1.obj
c:\users\cryst\downloads\gdp semester 1\6024 - components\llamadrama\solution\llamadrama\llamadrama\x64\debug\clevelboss2.obj
c:\users\cryst\downloads\gdp semester 1\6024 - components\llamadrama\solution\llamadrama\llamadrama\x64\debug\clevelboss1.obj
c:\users\cryst\downloads\gdp semester 1\6024 - components\llamadrama\solution\llamadrama\llamadrama\x64\debug\cfinalboss.obj
c:\users\cryst\downloads\gdp semester 1\6024 - components\llamadrama\solution\llamadrama\llamadrama\x64\debug\cenemyfactory.obj
c:\users\cryst\downloads\gdp semester 1\6024 - components\llamadrama\solution\llamadrama\llamadrama\x64\debug\cenemy.obj
c:\users\cryst\downloads\gdp semester 1\6024 - components\llamadrama\solution\llamadrama\llamadrama\x64\debug\cboss.obj
c:\users\cryst\downloads\gdp semester 1\6024 - components\llamadrama\solution\llamadrama\llamadrama\x64\debug\drawobject.obj
c:\users\cryst\downloads\gdp semester 1\6024 - components\llamadrama\solution\llamadrama\llamadrama\x64\debug\cvaomeshmanager.obj
c:\users\cryst\downloads\gdp semester 1\6024 - components\llamadrama\solution\llamadrama\llamadrama\x64\debug\cshadermanager.obj
c:\users\cryst\downloads\gdp semester 1\6024 - components\llamadrama\solution\llamadrama\llamadrama\x64\debug\cshader.obj
c:\users\cryst\downloads\gdp semester 1\6024 - components\llamadrama\solution\llamadrama\llamadrama\x64\debug\coin.obj
c:\users\cryst\downloads\gdp semester 1\6024 - components\llamadrama\solution\llamadrama\llamadrama\x64\debug\cmeshobject.obj
c:\users\cryst\downloads\gdp semester 1\6024 - components\llamadrama\solution\llamadrama\llamadrama\x64\debug\clightmanager.obj
c:\users\cryst\downloads\gdp semester 1\6024 - components\llamadrama\solution\llamadrama\llamadrama\x64\debug\clighthelper.obj
c:\users\cryst\downloads\gdp semester 1\6024 - components\llamadrama\solution\llamadrama\llamadrama\x64\debug\clight.obj
c:\users\cryst\downloads\gdp semester 1\6024 - components\llamadrama\solution\llamadrama\llamadrama\x64\debug\userio.obj
c:\users\cryst\downloads\gdp semester 1\6024 - components\llamadrama\solution\llamadrama\llamadrama\x64\debug\ctexturefrombmp.obj
c:\users\cryst\downloads\gdp semester 1\6024 - components\llamadrama\solution\llamadrama\llamadrama\x64\debug\cbasictexturemanager.obj
c:\users\cryst\downloads\gdp semester 1\6024 - components\llamadrama\solution\llamadrama\llamadrama\x64\debug\c24bitbmppixel.obj
c:\users\cryst\downloads\gdp semester 1\6024 - components\llamadrama\solution\llamadrama\llamadrama\x64\debug\smodeldrawinfo.obj
c:\users\cryst\downloads\gdp semester 1\6024 - components\llamadrama\solution\llamadrama\llamadrama\x64\debug\pickupobjmanager.obj
c:\users\cryst\downloads\gdp semester 1\6024 - components\llamadrama\solution\llamadrama\llamadrama\x64\debug\physics.obj
c:\users\cryst\downloads\gdp semester 1\6024 - components\llamadrama\solution\llamadrama\llamadrama\x64\debug\main.obj
c:\users\cryst\downloads\gdp semester 1\6024 - components\llamadrama\solution\llamadrama\llamadrama\x64\debug\loadfromjson.obj
c:\users\cryst\downloads\gdp semester 1\6024 - components\llamadrama\solution\llamadrama\llamadrama\x64\debug\cplayer.obj
c:\users\cryst\downloads\gdp semester 1\6024 - components\llamadrama\solution\llamadrama\llamadrama\x64\debug\glad.obj
c:\users\cryst\downloads\gdp semester 1\6024 - components\llamadrama\solution\llamadrama\x64\debug\llamadrama.exe
c:\users\cryst\downloads\gdp semester 1\6024 - components\llamadrama\solution\llamadrama\x64\debug\llamadrama.ilk
c:\users\cryst\downloads\gdp semester 1\6024 - components\llamadrama\solution\llamadrama\x64\debug\llamadrama.pdb
c:\users\cryst\downloads\gdp semester 1\6024 - components\llamadrama\solution\llamadrama\llamadrama\x64\debug\llamadrama.tlog\cl.command.1.tlog
c:\users\cryst\downloads\gdp semester 1\6024 - components\llamadrama\solution\llamadrama\llamadrama\x64\debug\llamadrama.tlog\cl.read.1.tlog
c:\users\cryst\downloads\gdp semester 1\6024 - components\llamadrama\solution\llamadrama\llamadrama\x64\debug\llamadrama.tlog\cl.write.1.tlog
c:\users\cryst\downloads\gdp semester 1\6024 - components\llamadrama\solution\llamadrama\llamadrama\x64\debug\llamadrama.tlog\link.command.1.tlog
c:\users\cryst\downloads\gdp semester 1\6024 - components\llamadrama\solution\llamadrama\llamadrama\x64\debug\llamadrama.tlog\link.read.1.tlog
c:\users\cryst\downloads\gdp semester 1\6024 - components\llamadrama\solution\llamadrama\llamadrama\x64\debug\llamadrama.tlog\link.write.1.tlog
