  async.c
c:\users\cryst\downloads\gdp semester 1\6024 - components\llamadrama\solution\llamadrama\thrift-server\hiredis-win\async.c(76): warning C4267: 'function': conversion from 'size_t' to 'int', possible loss of data
c:\users\cryst\downloads\gdp semester 1\6024 - components\llamadrama\solution\llamadrama\thrift-server\hiredis-win\async.c(93): warning C4267: '=': conversion from 'size_t' to 'int', possible loss of data
c:\users\cryst\downloads\gdp semester 1\6024 - components\llamadrama\solution\llamadrama\thrift-server\hiredis-win\async.c(94): warning C4267: '=': conversion from 'size_t' to 'int', possible loss of data
  dict.c
  hiredis.c
c:\users\cryst\downloads\gdp semester 1\6024 - components\llamadrama\solution\llamadrama\thrift-server\hiredis-win\hiredis.c(83): warning C4273: 'freeReplyObject': inconsistent dll linkage
  c:\users\cryst\downloads\gdp semester 1\6024 - components\llamadrama\solution\llamadrama\thrift-server\hiredis-win\hiredis.h(164): note: see previous definition of 'freeReplyObject'
c:\users\cryst\downloads\gdp semester 1\6024 - components\llamadrama\solution\llamadrama\thrift-server\hiredis-win\hiredis.c(130): warning C4267: '=': conversion from 'size_t' to 'int', possible loss of data
c:\users\cryst\downloads\gdp semester 1\6024 - components\llamadrama\solution\llamadrama\thrift-server\hiredis-win\hiredis.c(273): warning C4267: 'initializing': conversion from 'size_t' to 'int', possible loss of data
c:\users\cryst\downloads\gdp semester 1\6024 - components\llamadrama\solution\llamadrama\thrift-server\hiredis-win\hiredis.c(333): warning C4267: '=': conversion from 'size_t' to 'int', possible loss of data
c:\users\cryst\downloads\gdp semester 1\6024 - components\llamadrama\solution\llamadrama\thrift-server\hiredis-win\hiredis.c(412): warning C4267: '=': conversion from 'size_t' to 'unsigned long', possible loss of data
c:\users\cryst\downloads\gdp semester 1\6024 - components\llamadrama\solution\llamadrama\thrift-server\hiredis-win\hiredis.c(413): warning C4244: '=': conversion from '__int64' to 'long', possible loss of data
c:\users\cryst\downloads\gdp semester 1\6024 - components\llamadrama\solution\llamadrama\thrift-server\hiredis-win\hiredis.c(468): warning C4244: '=': conversion from '__int64' to 'long', possible loss of data
c:\users\cryst\downloads\gdp semester 1\6024 - components\llamadrama\solution\llamadrama\thrift-server\hiredis-win\hiredis.c(567): warning C4273: 'redisReaderCreate': inconsistent dll linkage
  c:\users\cryst\downloads\gdp semester 1\6024 - components\llamadrama\solution\llamadrama\thrift-server\hiredis-win\hiredis.h(149): note: see previous definition of 'redisReaderCreate'
c:\users\cryst\downloads\gdp semester 1\6024 - components\llamadrama\solution\llamadrama\thrift-server\hiredis-win\hiredis.c(587): warning C4273: 'redisReaderFree': inconsistent dll linkage
  c:\users\cryst\downloads\gdp semester 1\6024 - components\llamadrama\solution\llamadrama\thrift-server\hiredis-win\hiredis.h(150): note: see previous definition of 'redisReaderFree'
c:\users\cryst\downloads\gdp semester 1\6024 - components\llamadrama\solution\llamadrama\thrift-server\hiredis-win\hiredis.c(595): warning C4273: 'redisReaderFeed': inconsistent dll linkage
  c:\users\cryst\downloads\gdp semester 1\6024 - components\llamadrama\solution\llamadrama\thrift-server\hiredis-win\hiredis.h(151): note: see previous definition of 'redisReaderFeed'
c:\users\cryst\downloads\gdp semester 1\6024 - components\llamadrama\solution\llamadrama\thrift-server\hiredis-win\hiredis.c(627): warning C4273: 'redisReaderGetReply': inconsistent dll linkage
  c:\users\cryst\downloads\gdp semester 1\6024 - components\llamadrama\solution\llamadrama\thrift-server\hiredis-win\hiredis.h(152): note: see previous definition of 'redisReaderGetReply'
c:\users\cryst\downloads\gdp semester 1\6024 - components\llamadrama\solution\llamadrama\thrift-server\hiredis-win\hiredis.c(663): warning C4267: 'function': conversion from 'size_t' to 'int', possible loss of data
c:\users\cryst\downloads\gdp semester 1\6024 - components\llamadrama\solution\llamadrama\thrift-server\hiredis-win\hiredis.c(693): warning C4267: 'function': conversion from 'size_t' to 'int', possible loss of data
c:\users\cryst\downloads\gdp semester 1\6024 - components\llamadrama\solution\llamadrama\thrift-server\hiredis-win\hiredis.c(696): warning C4273: 'redisvFormatCommand': inconsistent dll linkage
  c:\users\cryst\downloads\gdp semester 1\6024 - components\llamadrama\solution\llamadrama\thrift-server\hiredis-win\hiredis.h(167): note: see previous definition of 'redisvFormatCommand'
c:\users\cryst\downloads\gdp semester 1\6024 - components\llamadrama\solution\llamadrama\thrift-server\hiredis-win\hiredis.c(724): warning C4267: '+=': conversion from 'size_t' to 'int', possible loss of data
c:\users\cryst\downloads\gdp semester 1\6024 - components\llamadrama\solution\llamadrama\thrift-server\hiredis-win\hiredis.c(875): warning C4267: '+=': conversion from 'size_t' to 'int', possible loss of data
c:\users\cryst\downloads\gdp semester 1\6024 - components\llamadrama\solution\llamadrama\thrift-server\hiredis-win\hiredis.c(892): warning C4477: 'sprintf' : format string '%u' requires an argument of type 'unsigned int', but variadic argument 1 has type 'size_t'
  c:\users\cryst\downloads\gdp semester 1\6024 - components\llamadrama\solution\llamadrama\thrift-server\hiredis-win\hiredis.c(892): note: consider using '%zu' in the format string
c:\users\cryst\downloads\gdp semester 1\6024 - components\llamadrama\solution\llamadrama\thrift-server\hiredis-win\hiredis.c(894): warning C4267: '+=': conversion from 'size_t' to 'int', possible loss of data
c:\users\cryst\downloads\gdp semester 1\6024 - components\llamadrama\solution\llamadrama\thrift-server\hiredis-win\hiredis.c(934): warning C4273: 'redisFormatCommand': inconsistent dll linkage
  c:\users\cryst\downloads\gdp semester 1\6024 - components\llamadrama\solution\llamadrama\thrift-server\hiredis-win\hiredis.h(168): note: see previous definition of 'redisFormatCommand'
c:\users\cryst\downloads\gdp semester 1\6024 - components\llamadrama\solution\llamadrama\thrift-server\hiredis-win\hiredis.c(948): warning C4273: 'redisFormatCommandArgv': inconsistent dll linkage
  c:\users\cryst\downloads\gdp semester 1\6024 - components\llamadrama\solution\llamadrama\thrift-server\hiredis-win\hiredis.h(169): note: see previous definition of 'redisFormatCommandArgv'
c:\users\cryst\downloads\gdp semester 1\6024 - components\llamadrama\solution\llamadrama\thrift-server\hiredis-win\hiredis.c(958): warning C4267: '+=': conversion from 'size_t' to 'int', possible loss of data
c:\users\cryst\downloads\gdp semester 1\6024 - components\llamadrama\solution\llamadrama\thrift-server\hiredis-win\hiredis.c(971): warning C4267: '+=': conversion from 'size_t' to 'int', possible loss of data
c:\users\cryst\downloads\gdp semester 1\6024 - components\llamadrama\solution\llamadrama\thrift-server\hiredis-win\hiredis.c(1016): warning C4273: 'redisFree': inconsistent dll linkage
  c:\users\cryst\downloads\gdp semester 1\6024 - components\llamadrama\solution\llamadrama\thrift-server\hiredis-win\hiredis.h(191): note: see previous definition of 'redisFree'
c:\users\cryst\downloads\gdp semester 1\6024 - components\llamadrama\solution\llamadrama\thrift-server\hiredis-win\hiredis.c(1033): warning C4273: 'redisConnect': inconsistent dll linkage
  c:\users\cryst\downloads\gdp semester 1\6024 - components\llamadrama\solution\llamadrama\thrift-server\hiredis-win\hiredis.h(181): note: see previous definition of 'redisConnect'
c:\users\cryst\downloads\gdp semester 1\6024 - components\llamadrama\solution\llamadrama\thrift-server\hiredis-win\hiredis.c(1040): warning C4273: 'redisConnectWithTimeout': inconsistent dll linkage
  c:\users\cryst\downloads\gdp semester 1\6024 - components\llamadrama\solution\llamadrama\thrift-server\hiredis-win\hiredis.h(182): note: see previous definition of 'redisConnectWithTimeout'
c:\users\cryst\downloads\gdp semester 1\6024 - components\llamadrama\solution\llamadrama\thrift-server\hiredis-win\hiredis.c(1047): warning C4273: 'redisConnectNonBlock': inconsistent dll linkage
  c:\users\cryst\downloads\gdp semester 1\6024 - components\llamadrama\solution\llamadrama\thrift-server\hiredis-win\hiredis.h(183): note: see previous definition of 'redisConnectNonBlock'
c:\users\cryst\downloads\gdp semester 1\6024 - components\llamadrama\solution\llamadrama\thrift-server\hiredis-win\hiredis.c(1079): warning C4273: 'redisSetTimeout': inconsistent dll linkage
  c:\users\cryst\downloads\gdp semester 1\6024 - components\llamadrama\solution\llamadrama\thrift-server\hiredis-win\hiredis.h(190): note: see previous definition of 'redisSetTimeout'
c:\users\cryst\downloads\gdp semester 1\6024 - components\llamadrama\solution\llamadrama\thrift-server\hiredis-win\hiredis.c(1090): warning C4273: 'redisBufferRead': inconsistent dll linkage
  c:\users\cryst\downloads\gdp semester 1\6024 - components\llamadrama\solution\llamadrama\thrift-server\hiredis-win\hiredis.h(192): note: see previous definition of 'redisBufferRead'
c:\users\cryst\downloads\gdp semester 1\6024 - components\llamadrama\solution\llamadrama\thrift-server\hiredis-win\hiredis.c(1131): warning C4273: 'redisBufferWrite': inconsistent dll linkage
  c:\users\cryst\downloads\gdp semester 1\6024 - components\llamadrama\solution\llamadrama\thrift-server\hiredis-win\hiredis.h(193): note: see previous definition of 'redisBufferWrite'
c:\users\cryst\downloads\gdp semester 1\6024 - components\llamadrama\solution\llamadrama\thrift-server\hiredis-win\hiredis.c(1140): warning C4267: 'function': conversion from 'size_t' to 'int', possible loss of data
c:\users\cryst\downloads\gdp semester 1\6024 - components\llamadrama\solution\llamadrama\thrift-server\hiredis-win\hiredis.c(1166): warning C4273: 'redisGetReplyFromReader': inconsistent dll linkage
  c:\users\cryst\downloads\gdp semester 1\6024 - components\llamadrama\solution\llamadrama\thrift-server\hiredis-win\hiredis.h(200): note: see previous definition of 'redisGetReplyFromReader'
c:\users\cryst\downloads\gdp semester 1\6024 - components\llamadrama\solution\llamadrama\thrift-server\hiredis-win\hiredis.c(1174): warning C4273: 'redisGetReply': inconsistent dll linkage
  c:\users\cryst\downloads\gdp semester 1\6024 - components\llamadrama\solution\llamadrama\thrift-server\hiredis-win\hiredis.h(199): note: see previous definition of 'redisGetReply'
c:\users\cryst\downloads\gdp semester 1\6024 - components\llamadrama\solution\llamadrama\thrift-server\hiredis-win\hiredis.c(1224): warning C4273: 'redisvAppendCommand': inconsistent dll linkage
  c:\users\cryst\downloads\gdp semester 1\6024 - components\llamadrama\solution\llamadrama\thrift-server\hiredis-win\hiredis.h(204): note: see previous definition of 'redisvAppendCommand'
c:\users\cryst\downloads\gdp semester 1\6024 - components\llamadrama\solution\llamadrama\thrift-server\hiredis-win\hiredis.c(1243): warning C4273: 'redisAppendCommand': inconsistent dll linkage
  c:\users\cryst\downloads\gdp semester 1\6024 - components\llamadrama\solution\llamadrama\thrift-server\hiredis-win\hiredis.h(205): note: see previous definition of 'redisAppendCommand'
c:\users\cryst\downloads\gdp semester 1\6024 - components\llamadrama\solution\llamadrama\thrift-server\hiredis-win\hiredis.c(1253): warning C4273: 'redisAppendCommandArgv': inconsistent dll linkage
  c:\users\cryst\downloads\gdp semester 1\6024 - components\llamadrama\solution\llamadrama\thrift-server\hiredis-win\hiredis.h(206): note: see previous definition of 'redisAppendCommandArgv'
c:\users\cryst\downloads\gdp semester 1\6024 - components\llamadrama\solution\llamadrama\thrift-server\hiredis-win\hiredis.c(1294): warning C4273: 'redisvCommand': inconsistent dll linkage
  c:\users\cryst\downloads\gdp semester 1\6024 - components\llamadrama\solution\llamadrama\thrift-server\hiredis-win\hiredis.h(213): note: see previous definition of 'redisvCommand'
c:\users\cryst\downloads\gdp semester 1\6024 - components\llamadrama\solution\llamadrama\thrift-server\hiredis-win\hiredis.c(1300): warning C4273: 'redisCommand': inconsistent dll linkage
  c:\users\cryst\downloads\gdp semester 1\6024 - components\llamadrama\solution\llamadrama\thrift-server\hiredis-win\hiredis.h(214): note: see previous definition of 'redisCommand'
c:\users\cryst\downloads\gdp semester 1\6024 - components\llamadrama\solution\llamadrama\thrift-server\hiredis-win\hiredis.c(1309): warning C4273: 'redisCommandArgv': inconsistent dll linkage
  c:\users\cryst\downloads\gdp semester 1\6024 - components\llamadrama\solution\llamadrama\thrift-server\hiredis-win\hiredis.h(215): note: see previous definition of 'redisCommandArgv'
  net.c
c:\users\cryst\downloads\gdp semester 1\6024 - components\llamadrama\solution\llamadrama\thrift-server\hiredis-win\net.c(100): warning C4244: '=': conversion from 'SOCKET' to 'int', possible loss of data
c:\users\cryst\downloads\gdp semester 1\6024 - components\llamadrama\solution\llamadrama\thrift-server\hiredis-win\net.c(275): warning C4244: '=': conversion from 'SOCKET' to 'int', possible loss of data
  sds.c
c:\users\cryst\downloads\gdp semester 1\6024 - components\llamadrama\solution\llamadrama\thrift-server\hiredis-win\sds.c(58): warning C4267: '=': conversion from 'size_t' to 'int', possible loss of data
c:\users\cryst\downloads\gdp semester 1\6024 - components\llamadrama\solution\llamadrama\thrift-server\hiredis-win\sds.c(88): warning C4267: 'initializing': conversion from 'size_t' to 'int', possible loss of data
c:\users\cryst\downloads\gdp semester 1\6024 - components\llamadrama\solution\llamadrama\thrift-server\hiredis-win\sds.c(109): warning C4267: '=': conversion from 'size_t' to 'int', possible loss of data
c:\users\cryst\downloads\gdp semester 1\6024 - components\llamadrama\solution\llamadrama\thrift-server\hiredis-win\sds.c(127): warning C4267: '=': conversion from 'size_t' to 'int', possible loss of data
c:\users\cryst\downloads\gdp semester 1\6024 - components\llamadrama\solution\llamadrama\thrift-server\hiredis-win\sds.c(128): warning C4267: '=': conversion from 'size_t' to 'int', possible loss of data
c:\users\cryst\downloads\gdp semester 1\6024 - components\llamadrama\solution\llamadrama\thrift-server\hiredis-win\sds.c(140): warning C4267: '=': conversion from 'size_t' to 'int', possible loss of data
c:\users\cryst\downloads\gdp semester 1\6024 - components\llamadrama\solution\llamadrama\thrift-server\hiredis-win\sds.c(141): warning C4267: '=': conversion from 'size_t' to 'int', possible loss of data
c:\users\cryst\downloads\gdp semester 1\6024 - components\llamadrama\solution\llamadrama\thrift-server\hiredis-win\sds.c(162): warning C4267: '=': conversion from 'size_t' to 'int', possible loss of data
c:\users\cryst\downloads\gdp semester 1\6024 - components\llamadrama\solution\llamadrama\thrift-server\hiredis-win\sds.c(163): warning C4267: '=': conversion from 'size_t' to 'int', possible loss of data
c:\users\cryst\downloads\gdp semester 1\6024 - components\llamadrama\solution\llamadrama\thrift-server\hiredis-win\sds.c(219): warning C4267: '=': conversion from 'size_t' to 'int', possible loss of data
c:\users\cryst\downloads\gdp semester 1\6024 - components\llamadrama\solution\llamadrama\thrift-server\hiredis-win\sds.c(220): warning C4267: '=': conversion from 'size_t' to 'int', possible loss of data
c:\users\cryst\downloads\gdp semester 1\6024 - components\llamadrama\solution\llamadrama\thrift-server\hiredis-win\sds.c(230): warning C4267: '=': conversion from 'size_t' to 'int', possible loss of data
c:\users\cryst\downloads\gdp semester 1\6024 - components\llamadrama\solution\llamadrama\thrift-server\hiredis-win\sds.c(234): warning C4267: '=': conversion from 'size_t' to 'int', possible loss of data
c:\users\cryst\downloads\gdp semester 1\6024 - components\llamadrama\solution\llamadrama\thrift-server\hiredis-win\sds.c(242): warning C4267: '=': conversion from 'size_t' to 'int', possible loss of data
c:\users\cryst\downloads\gdp semester 1\6024 - components\llamadrama\solution\llamadrama\thrift-server\hiredis-win\sds.c(250): warning C4267: '=': conversion from 'size_t' to 'int', possible loss of data
c:\users\cryst\downloads\gdp semester 1\6024 - components\llamadrama\solution\llamadrama\thrift-server\hiredis-win\sds.c(251): warning C4267: '=': conversion from 'size_t' to 'int', possible loss of data
c:\users\cryst\downloads\gdp semester 1\6024 - components\llamadrama\solution\llamadrama\thrift-server\hiredis-win\sds.c(256): warning C4267: 'initializing': conversion from 'size_t' to 'int', possible loss of data
c:\users\cryst\downloads\gdp semester 1\6024 - components\llamadrama\solution\llamadrama\thrift-server\hiredis-win\sds.c(262): warning C4267: 'initializing': conversion from 'size_t' to 'int', possible loss of data
c:\users\cryst\downloads\gdp semester 1\6024 - components\llamadrama\solution\llamadrama\thrift-server\hiredis-win\sds.c(275): warning C4267: 'return': conversion from 'size_t' to 'int', possible loss of data
  Generating Code...
  Leaderboard.cpp
  Unknown compiler version - please run the configure tests and report the results
c:\users\cryst\downloads\gdp semester 1\6024 - components\llamadrama\solution\llamadrama\thrift-server\leaderboard.cpp(392): warning C4101: 'e': unreferenced local variable
  leaderboard_constants.cpp
  Unknown compiler version - please run the configure tests and report the results
  Leaderboard_server.cpp
  Unknown compiler version - please run the configure tests and report the results
c:\users\cryst\downloads\gdp semester 1\6024 - components\llamadrama\solution\llamadrama\thrift-server\leaderboard_server.cpp(51): warning C4101: 'j': unreferenced local variable
  leaderboard_types.cpp
  Unknown compiler version - please run the configure tests and report the results
  Generating Code...
     Creating library C:\Users\Cryst\Downloads\GDP Semester 1\6024 - Components\LlamaDrama\Solution\LLamaDrama\x64\Debug\Thrift-Server.lib and object C:\Users\Cryst\Downloads\GDP Semester 1\6024 - Components\LlamaDrama\Solution\LLamaDrama\x64\Debug\Thrift-Server.exp
async.obj : warning LNK4217: locally defined symbol redisvFormatCommand imported in function redisvAsyncCommand
async.obj : warning LNK4217: locally defined symbol redisFormatCommandArgv imported in function redisAsyncCommandArgv
async.obj : warning LNK4217: locally defined symbol redisConnectNonBlock imported in function redisAsyncConnect
async.obj : warning LNK4217: locally defined symbol redisFree imported in function __redisAsyncFree
async.obj : warning LNK4217: locally defined symbol redisBufferRead imported in function redisAsyncHandleRead
async.obj : warning LNK4217: locally defined symbol redisBufferWrite imported in function redisAsyncHandleWrite
async.obj : warning LNK4217: locally defined symbol redisGetReply imported in function redisProcessCallbacks
Leaderboard_server.obj : warning LNK4217: locally defined symbol freeReplyObject imported in function main
Leaderboard_server.obj : warning LNK4217: locally defined symbol redisConnectWithTimeout imported in function main
Leaderboard_server.obj : warning LNK4217: locally defined symbol redisSetTimeout imported in function main
Leaderboard_server.obj : warning LNK4217: locally defined symbol redisCommand imported in function main
libthrift.lib(TSimpleServer.obj) : warning LNK4099: PDB 'libthrift.pdb' was not found with 'libthrift.lib(TSimpleServer.obj)' or at 'C:\Users\Cryst\Downloads\GDP Semester 1\6024 - Components\LlamaDrama\Solution\LLamaDrama\x64\Debug\libthrift.pdb'; linking object as if no debug info
libthrift.lib(TApplicationException.obj) : warning LNK4099: PDB 'libthrift.pdb' was not found with 'libthrift.lib(TApplicationException.obj)' or at 'C:\Users\Cryst\Downloads\GDP Semester 1\6024 - Components\LlamaDrama\Solution\LLamaDrama\x64\Debug\libthrift.pdb'; linking object as if no debug info
libthrift.lib(Thrift.obj) : warning LNK4099: PDB 'libthrift.pdb' was not found with 'libthrift.lib(Thrift.obj)' or at 'C:\Users\Cryst\Downloads\GDP Semester 1\6024 - Components\LlamaDrama\Solution\LLamaDrama\x64\Debug\libthrift.pdb'; linking object as if no debug info
libthrift.lib(TBufferTransports.obj) : warning LNK4099: PDB 'libthrift.pdb' was not found with 'libthrift.lib(TBufferTransports.obj)' or at 'C:\Users\Cryst\Downloads\GDP Semester 1\6024 - Components\LlamaDrama\Solution\LLamaDrama\x64\Debug\libthrift.pdb'; linking object as if no debug info
libthrift.lib(TServerSocket.obj) : warning LNK4099: PDB 'libthrift.pdb' was not found with 'libthrift.lib(TServerSocket.obj)' or at 'C:\Users\Cryst\Downloads\GDP Semester 1\6024 - Components\LlamaDrama\Solution\LLamaDrama\x64\Debug\libthrift.pdb'; linking object as if no debug info
libthrift.lib(TSocket.obj) : warning LNK4099: PDB 'libthrift.pdb' was not found with 'libthrift.lib(TSocket.obj)' or at 'C:\Users\Cryst\Downloads\GDP Semester 1\6024 - Components\LlamaDrama\Solution\LLamaDrama\x64\Debug\libthrift.pdb'; linking object as if no debug info
libthrift.lib(GetTimeOfDay.obj) : warning LNK4099: PDB 'libthrift.pdb' was not found with 'libthrift.lib(GetTimeOfDay.obj)' or at 'C:\Users\Cryst\Downloads\GDP Semester 1\6024 - Components\LlamaDrama\Solution\LLamaDrama\x64\Debug\libthrift.pdb'; linking object as if no debug info
libthrift.lib(SocketPair.obj) : warning LNK4099: PDB 'libthrift.pdb' was not found with 'libthrift.lib(SocketPair.obj)' or at 'C:\Users\Cryst\Downloads\GDP Semester 1\6024 - Components\LlamaDrama\Solution\LLamaDrama\x64\Debug\libthrift.pdb'; linking object as if no debug info
libthrift.lib(TWinsockSingleton.obj) : warning LNK4099: PDB 'libthrift.pdb' was not found with 'libthrift.lib(TWinsockSingleton.obj)' or at 'C:\Users\Cryst\Downloads\GDP Semester 1\6024 - Components\LlamaDrama\Solution\LLamaDrama\x64\Debug\libthrift.pdb'; linking object as if no debug info
libthrift.lib(WinFcntl.obj) : warning LNK4099: PDB 'libthrift.pdb' was not found with 'libthrift.lib(WinFcntl.obj)' or at 'C:\Users\Cryst\Downloads\GDP Semester 1\6024 - Components\LlamaDrama\Solution\LLamaDrama\x64\Debug\libthrift.pdb'; linking object as if no debug info
  Thrift-Server.vcxproj -> C:\Users\Cryst\Downloads\GDP Semester 1\6024 - Components\LlamaDrama\Solution\LLamaDrama\x64\Debug\Thrift-Server.exe
