c:\users\cryst\downloads\gdp semester 1\6024 - components\llamadrama\solution\llamadrama\llamadrama\x64\release\vc141.pdb
c:\users\cryst\downloads\gdp semester 1\6024 - components\llamadrama\solution\llamadrama\llamadrama\x64\release\chealth.obj
c:\users\cryst\downloads\gdp semester 1\6024 - components\llamadrama\solution\llamadrama\llamadrama\x64\release\clevelenemytype2.obj
c:\users\cryst\downloads\gdp semester 1\6024 - components\llamadrama\solution\llamadrama\llamadrama\x64\release\clevelenemytype1.obj
c:\users\cryst\downloads\gdp semester 1\6024 - components\llamadrama\solution\llamadrama\llamadrama\x64\release\clevelboss2.obj
c:\users\cryst\downloads\gdp semester 1\6024 - components\llamadrama\solution\llamadrama\llamadrama\x64\release\clevelboss1.obj
c:\users\cryst\downloads\gdp semester 1\6024 - components\llamadrama\solution\llamadrama\llamadrama\x64\release\cfinalboss.obj
c:\users\cryst\downloads\gdp semester 1\6024 - components\llamadrama\solution\llamadrama\llamadrama\x64\release\cenemyfactory.obj
c:\users\cryst\downloads\gdp semester 1\6024 - components\llamadrama\solution\llamadrama\llamadrama\x64\release\cenemy.obj
c:\users\cryst\downloads\gdp semester 1\6024 - components\llamadrama\solution\llamadrama\llamadrama\x64\release\cboss.obj
c:\users\cryst\downloads\gdp semester 1\6024 - components\llamadrama\solution\llamadrama\llamadrama\x64\release\drawobject.obj
c:\users\cryst\downloads\gdp semester 1\6024 - components\llamadrama\solution\llamadrama\llamadrama\x64\release\dao.obj
c:\users\cryst\downloads\gdp semester 1\6024 - components\llamadrama\solution\llamadrama\llamadrama\x64\release\cvaomeshmanager.obj
c:\users\cryst\downloads\gdp semester 1\6024 - components\llamadrama\solution\llamadrama\llamadrama\x64\release\cshadermanager.obj
c:\users\cryst\downloads\gdp semester 1\6024 - components\llamadrama\solution\llamadrama\llamadrama\x64\release\cshader.obj
c:\users\cryst\downloads\gdp semester 1\6024 - components\llamadrama\solution\llamadrama\llamadrama\x64\release\cplayer.obj
c:\users\cryst\downloads\gdp semester 1\6024 - components\llamadrama\solution\llamadrama\llamadrama\x64\release\ccoin.obj
c:\users\cryst\downloads\gdp semester 1\6024 - components\llamadrama\solution\llamadrama\llamadrama\x64\release\cmeshobject.obj
c:\users\cryst\downloads\gdp semester 1\6024 - components\llamadrama\solution\llamadrama\llamadrama\x64\release\clightmanager.obj
c:\users\cryst\downloads\gdp semester 1\6024 - components\llamadrama\solution\llamadrama\llamadrama\x64\release\clighthelper.obj
c:\users\cryst\downloads\gdp semester 1\6024 - components\llamadrama\solution\llamadrama\llamadrama\x64\release\clight.obj
c:\users\cryst\downloads\gdp semester 1\6024 - components\llamadrama\solution\llamadrama\llamadrama\x64\release\userio.obj
c:\users\cryst\downloads\gdp semester 1\6024 - components\llamadrama\solution\llamadrama\llamadrama\x64\release\ctexturefrombmp.obj
c:\users\cryst\downloads\gdp semester 1\6024 - components\llamadrama\solution\llamadrama\llamadrama\x64\release\cbasictexturemanager.obj
c:\users\cryst\downloads\gdp semester 1\6024 - components\llamadrama\solution\llamadrama\llamadrama\x64\release\c24bitbmppixel.obj
c:\users\cryst\downloads\gdp semester 1\6024 - components\llamadrama\solution\llamadrama\llamadrama\x64\release\smodeldrawinfo.obj
c:\users\cryst\downloads\gdp semester 1\6024 - components\llamadrama\solution\llamadrama\llamadrama\x64\release\pickupobjmanager.obj
c:\users\cryst\downloads\gdp semester 1\6024 - components\llamadrama\solution\llamadrama\llamadrama\x64\release\physics.obj
c:\users\cryst\downloads\gdp semester 1\6024 - components\llamadrama\solution\llamadrama\llamadrama\x64\release\main.obj
c:\users\cryst\downloads\gdp semester 1\6024 - components\llamadrama\solution\llamadrama\llamadrama\x64\release\loadfromjson.obj
c:\users\cryst\downloads\gdp semester 1\6024 - components\llamadrama\solution\llamadrama\llamadrama\x64\release\loadallmeshes.obj
c:\users\cryst\downloads\gdp semester 1\6024 - components\llamadrama\solution\llamadrama\llamadrama\x64\release\sqlite3.obj
c:\users\cryst\downloads\gdp semester 1\6024 - components\llamadrama\solution\llamadrama\llamadrama\x64\release\shell.obj
c:\users\cryst\downloads\gdp semester 1\6024 - components\llamadrama\solution\llamadrama\llamadrama\x64\release\glad.obj
c:\users\cryst\downloads\gdp semester 1\6024 - components\llamadrama\solution\llamadrama\llamadrama\x64\release\leaderboard_types.obj
c:\users\cryst\downloads\gdp semester 1\6024 - components\llamadrama\solution\llamadrama\llamadrama\x64\release\leaderboard_constants.obj
c:\users\cryst\downloads\gdp semester 1\6024 - components\llamadrama\solution\llamadrama\llamadrama\x64\release\leaderboard.obj
c:\users\cryst\downloads\gdp semester 1\6024 - components\llamadrama\solution\llamadrama\llamadrama\x64\release\leaderboard-client.obj
c:\users\cryst\downloads\gdp semester 1\6024 - components\llamadrama\solution\llamadrama\x64\release\llamadrama.exe
c:\users\cryst\downloads\gdp semester 1\6024 - components\llamadrama\solution\llamadrama\x64\release\llamadrama.pdb
c:\users\cryst\downloads\gdp semester 1\6024 - components\llamadrama\solution\llamadrama\x64\release\llamadrama.ipdb
c:\users\cryst\downloads\gdp semester 1\6024 - components\llamadrama\solution\llamadrama\x64\release\llamadrama.iobj
c:\users\cryst\downloads\gdp semester 1\6024 - components\llamadrama\solution\llamadrama\llamadrama\x64\release\llamadrama.tlog\cl.command.1.tlog
c:\users\cryst\downloads\gdp semester 1\6024 - components\llamadrama\solution\llamadrama\llamadrama\x64\release\llamadrama.tlog\cl.read.1.tlog
c:\users\cryst\downloads\gdp semester 1\6024 - components\llamadrama\solution\llamadrama\llamadrama\x64\release\llamadrama.tlog\cl.write.1.tlog
c:\users\cryst\downloads\gdp semester 1\6024 - components\llamadrama\solution\llamadrama\llamadrama\x64\release\llamadrama.tlog\link.command.1.tlog
c:\users\cryst\downloads\gdp semester 1\6024 - components\llamadrama\solution\llamadrama\llamadrama\x64\release\llamadrama.tlog\link.read.1.tlog
c:\users\cryst\downloads\gdp semester 1\6024 - components\llamadrama\solution\llamadrama\llamadrama\x64\release\llamadrama.tlog\link.write.1.tlog
c:\users\cryst\downloads\gdp semester 1\6024 - components\llamadrama\solution\llamadrama\llamadrama\x64\release\llamadrama.tlog\llamadrama.write.1u.tlog
