c:\users\cryst\downloads\gdp semester 1\6024 - components\llamadrama\solution\llamadrama\llamadrama\release\vc141.pdb
c:\users\cryst\downloads\gdp semester 1\6024 - components\llamadrama\solution\llamadrama\llamadrama\release\chealth.obj
c:\users\cryst\downloads\gdp semester 1\6024 - components\llamadrama\solution\llamadrama\llamadrama\release\clevelenemytype2.obj
c:\users\cryst\downloads\gdp semester 1\6024 - components\llamadrama\solution\llamadrama\llamadrama\release\clevelenemytype1.obj
c:\users\cryst\downloads\gdp semester 1\6024 - components\llamadrama\solution\llamadrama\llamadrama\release\clevelboss2.obj
c:\users\cryst\downloads\gdp semester 1\6024 - components\llamadrama\solution\llamadrama\llamadrama\release\clevelboss1.obj
c:\users\cryst\downloads\gdp semester 1\6024 - components\llamadrama\solution\llamadrama\llamadrama\release\cfinalboss.obj
c:\users\cryst\downloads\gdp semester 1\6024 - components\llamadrama\solution\llamadrama\llamadrama\release\cenemyfactory.obj
c:\users\cryst\downloads\gdp semester 1\6024 - components\llamadrama\solution\llamadrama\llamadrama\release\cenemy.obj
c:\users\cryst\downloads\gdp semester 1\6024 - components\llamadrama\solution\llamadrama\llamadrama\release\cboss.obj
c:\users\cryst\downloads\gdp semester 1\6024 - components\llamadrama\solution\llamadrama\llamadrama\release\drawobject.obj
c:\users\cryst\downloads\gdp semester 1\6024 - components\llamadrama\solution\llamadrama\llamadrama\release\dao.obj
c:\users\cryst\downloads\gdp semester 1\6024 - components\llamadrama\solution\llamadrama\llamadrama\release\cvaomeshmanager.obj
c:\users\cryst\downloads\gdp semester 1\6024 - components\llamadrama\solution\llamadrama\llamadrama\release\cshadermanager.obj
c:\users\cryst\downloads\gdp semester 1\6024 - components\llamadrama\solution\llamadrama\llamadrama\release\cshader.obj
c:\users\cryst\downloads\gdp semester 1\6024 - components\llamadrama\solution\llamadrama\llamadrama\release\cplayer.obj
c:\users\cryst\downloads\gdp semester 1\6024 - components\llamadrama\solution\llamadrama\llamadrama\release\ccoin.obj
c:\users\cryst\downloads\gdp semester 1\6024 - components\llamadrama\solution\llamadrama\llamadrama\release\cmeshobject.obj
c:\users\cryst\downloads\gdp semester 1\6024 - components\llamadrama\solution\llamadrama\llamadrama\release\clightmanager.obj
c:\users\cryst\downloads\gdp semester 1\6024 - components\llamadrama\solution\llamadrama\llamadrama\release\clighthelper.obj
c:\users\cryst\downloads\gdp semester 1\6024 - components\llamadrama\solution\llamadrama\llamadrama\release\clight.obj
c:\users\cryst\downloads\gdp semester 1\6024 - components\llamadrama\solution\llamadrama\llamadrama\release\userio.obj
c:\users\cryst\downloads\gdp semester 1\6024 - components\llamadrama\solution\llamadrama\llamadrama\release\leaderboard_types.obj
c:\users\cryst\downloads\gdp semester 1\6024 - components\llamadrama\solution\llamadrama\llamadrama\release\leaderboard_constants.obj
c:\users\cryst\downloads\gdp semester 1\6024 - components\llamadrama\solution\llamadrama\llamadrama\release\leaderboard.obj
c:\users\cryst\downloads\gdp semester 1\6024 - components\llamadrama\solution\llamadrama\llamadrama\release\ctexturefrombmp.obj
c:\users\cryst\downloads\gdp semester 1\6024 - components\llamadrama\solution\llamadrama\llamadrama\release\cbasictexturemanager.obj
c:\users\cryst\downloads\gdp semester 1\6024 - components\llamadrama\solution\llamadrama\llamadrama\release\c24bitbmppixel.obj
c:\users\cryst\downloads\gdp semester 1\6024 - components\llamadrama\solution\llamadrama\llamadrama\release\smodeldrawinfo.obj
c:\users\cryst\downloads\gdp semester 1\6024 - components\llamadrama\solution\llamadrama\llamadrama\release\pickupobjmanager.obj
c:\users\cryst\downloads\gdp semester 1\6024 - components\llamadrama\solution\llamadrama\llamadrama\release\physics.obj
c:\users\cryst\downloads\gdp semester 1\6024 - components\llamadrama\solution\llamadrama\llamadrama\release\main.obj
c:\users\cryst\downloads\gdp semester 1\6024 - components\llamadrama\solution\llamadrama\llamadrama\release\loadfromjson.obj
c:\users\cryst\downloads\gdp semester 1\6024 - components\llamadrama\solution\llamadrama\llamadrama\release\loadallmeshes.obj
c:\users\cryst\downloads\gdp semester 1\6024 - components\llamadrama\solution\llamadrama\llamadrama\release\leaderboard-client.obj
c:\users\cryst\downloads\gdp semester 1\6024 - components\llamadrama\solution\llamadrama\llamadrama\release\sqlite3.obj
c:\users\cryst\downloads\gdp semester 1\6024 - components\llamadrama\solution\llamadrama\llamadrama\release\shell.obj
c:\users\cryst\downloads\gdp semester 1\6024 - components\llamadrama\solution\llamadrama\llamadrama\release\glad.obj
c:\users\cryst\downloads\gdp semester 1\6024 - components\llamadrama\solution\llamadrama\llamadrama\release\llamadrama.tlog\cl.command.1.tlog
c:\users\cryst\downloads\gdp semester 1\6024 - components\llamadrama\solution\llamadrama\llamadrama\release\llamadrama.tlog\cl.read.1.tlog
c:\users\cryst\downloads\gdp semester 1\6024 - components\llamadrama\solution\llamadrama\llamadrama\release\llamadrama.tlog\cl.write.1.tlog
c:\users\cryst\downloads\gdp semester 1\6024 - components\llamadrama\solution\llamadrama\llamadrama\release\llamadrama.tlog\link.command.1.tlog
c:\users\cryst\downloads\gdp semester 1\6024 - components\llamadrama\solution\llamadrama\llamadrama\release\llamadrama.tlog\link.read.1.tlog
c:\users\cryst\downloads\gdp semester 1\6024 - components\llamadrama\solution\llamadrama\llamadrama\release\llamadrama.tlog\link.write.1.tlog
