  async.c
c:\users\cryst\downloads\gdp semester 1\6024 - components\llamadrama\solution\llamadrama\thrift-server\hiredis-win\dict.c(74): error C2440: 'initializing': cannot convert from 'void *' to 'dict *'
  c:\users\cryst\downloads\gdp semester 1\6024 - components\llamadrama\solution\llamadrama\thrift-server\hiredis-win\dict.c(74): note: Conversion from 'void*' to pointer to non-'void' requires an explicit cast
c:\users\cryst\downloads\gdp semester 1\6024 - components\llamadrama\solution\llamadrama\thrift-server\hiredis-win\dict.c(100): error C2440: '=': cannot convert from 'void *' to 'dictEntry **'
  c:\users\cryst\downloads\gdp semester 1\6024 - components\llamadrama\solution\llamadrama\thrift-server\hiredis-win\dict.c(100): note: Conversion from 'void*' to pointer to non-'void' requires an explicit cast
c:\users\cryst\downloads\gdp semester 1\6024 - components\llamadrama\solution\llamadrama\thrift-server\hiredis-win\dict.c(145): error C2440: '=': cannot convert from 'void *' to 'dictEntry *'
  c:\users\cryst\downloads\gdp semester 1\6024 - components\llamadrama\solution\llamadrama\thrift-server\hiredis-win\dict.c(145): note: Conversion from 'void*' to pointer to non-'void' requires an explicit cast
c:\users\cryst\downloads\gdp semester 1\6024 - components\llamadrama\solution\llamadrama\thrift-server\hiredis-win\dict.c(259): error C2440: 'initializing': cannot convert from 'void *' to 'dictIterator *'
  c:\users\cryst\downloads\gdp semester 1\6024 - components\llamadrama\solution\llamadrama\thrift-server\hiredis-win\dict.c(259): note: Conversion from 'void*' to pointer to non-'void' requires an explicit cast
c:\users\cryst\downloads\gdp semester 1\6024 - components\llamadrama\solution\llamadrama\thrift-server\hiredis-win\sds.h(55): warning C4200: nonstandard extension used: zero-sized array in struct/union
  c:\users\cryst\downloads\gdp semester 1\6024 - components\llamadrama\solution\llamadrama\thrift-server\hiredis-win\sds.h(55): note: This member will be ignored by a defaulted constructor or copy/move assignment operator
c:\users\cryst\downloads\gdp semester 1\6024 - components\llamadrama\solution\llamadrama\thrift-server\hiredis-win\sds.h(63): error C2440: 'initializing': cannot convert from 'void *' to 'sdshdr *'
  c:\users\cryst\downloads\gdp semester 1\6024 - components\llamadrama\solution\llamadrama\thrift-server\hiredis-win\sds.h(63): note: Conversion from 'void*' to pointer to non-'void' requires an explicit cast
c:\users\cryst\downloads\gdp semester 1\6024 - components\llamadrama\solution\llamadrama\thrift-server\hiredis-win\sds.h(72): error C2440: 'initializing': cannot convert from 'void *' to 'sdshdr *'
  c:\users\cryst\downloads\gdp semester 1\6024 - components\llamadrama\solution\llamadrama\thrift-server\hiredis-win\sds.h(72): note: Conversion from 'void*' to pointer to non-'void' requires an explicit cast
c:\users\cryst\downloads\gdp semester 1\6024 - components\llamadrama\solution\llamadrama\thrift-server\hiredis-win\async.c(84): error C2440: 'initializing': cannot convert from 'void *' to 'redisCallback *'
  c:\users\cryst\downloads\gdp semester 1\6024 - components\llamadrama\solution\llamadrama\thrift-server\hiredis-win\async.c(84): note: Conversion from 'void*' to pointer to non-'void' requires an explicit cast
c:\users\cryst\downloads\gdp semester 1\6024 - components\llamadrama\solution\llamadrama\thrift-server\hiredis-win\async.c(119): error C2440: 'initializing': cannot convert from 'void *' to 'redisAsyncContext *'
  c:\users\cryst\downloads\gdp semester 1\6024 - components\llamadrama\solution\llamadrama\thrift-server\hiredis-win\async.c(119): note: Conversion from 'void*' to pointer to non-'void' requires an explicit cast
c:\users\cryst\downloads\gdp semester 1\6024 - components\llamadrama\solution\llamadrama\thrift-server\hiredis-win\async.c(201): error C2440: '=': cannot convert from 'void *' to 'redisCallback *'
  c:\users\cryst\downloads\gdp semester 1\6024 - components\llamadrama\solution\llamadrama\thrift-server\hiredis-win\async.c(201): note: Conversion from 'void*' to pointer to non-'void' requires an explicit cast
c:\users\cryst\downloads\gdp semester 1\6024 - components\llamadrama\solution\llamadrama\thrift-server\hiredis-win\async.c(259): error C2664: 'void __redisRunCallback(redisAsyncContext *,redisCallback *,redisReply *)': cannot convert argument 2 from 'void *' to 'redisCallback *'
  c:\users\cryst\downloads\gdp semester 1\6024 - components\llamadrama\solution\llamadrama\thrift-server\hiredis-win\async.c(259): note: Conversion from 'void*' to pointer to non-'void' requires an explicit cast
c:\users\cryst\downloads\gdp semester 1\6024 - components\llamadrama\solution\llamadrama\thrift-server\hiredis-win\async.c(265): error C2664: 'void __redisRunCallback(redisAsyncContext *,redisCallback *,redisReply *)': cannot convert argument 2 from 'void *' to 'redisCallback *'
  c:\users\cryst\downloads\gdp semester 1\6024 - components\llamadrama\solution\llamadrama\thrift-server\hiredis-win\async.c(265): note: Conversion from 'void*' to pointer to non-'void' requires an explicit cast
c:\users\cryst\downloads\gdp semester 1\6024 - components\llamadrama\solution\llamadrama\thrift-server\hiredis-win\async.c(416): error C2664: 'int __redisGetSubscribeCallback(redisAsyncContext *,redisReply *,redisCallback *)': cannot convert argument 2 from 'void *' to 'redisReply *'
  c:\users\cryst\downloads\gdp semester 1\6024 - components\llamadrama\solution\llamadrama\thrift-server\hiredis-win\async.c(416): note: Conversion from 'void*' to pointer to non-'void' requires an explicit cast
c:\users\cryst\downloads\gdp semester 1\6024 - components\llamadrama\solution\llamadrama\thrift-server\hiredis-win\async.c(420): error C2664: 'void __redisRunCallback(redisAsyncContext *,redisCallback *,redisReply *)': cannot convert argument 3 from 'void *' to 'redisReply *'
  c:\users\cryst\downloads\gdp semester 1\6024 - components\llamadrama\solution\llamadrama\thrift-server\hiredis-win\async.c(420): note: Conversion from 'void*' to pointer to non-'void' requires an explicit cast
  dict.c
c:\users\cryst\downloads\gdp semester 1\6024 - components\llamadrama\solution\llamadrama\thrift-server\hiredis-win\dict.c(74): error C2440: 'initializing': cannot convert from 'void *' to 'dict *'
  c:\users\cryst\downloads\gdp semester 1\6024 - components\llamadrama\solution\llamadrama\thrift-server\hiredis-win\dict.c(74): note: Conversion from 'void*' to pointer to non-'void' requires an explicit cast
c:\users\cryst\downloads\gdp semester 1\6024 - components\llamadrama\solution\llamadrama\thrift-server\hiredis-win\dict.c(100): error C2440: '=': cannot convert from 'void *' to 'dictEntry **'
  c:\users\cryst\downloads\gdp semester 1\6024 - components\llamadrama\solution\llamadrama\thrift-server\hiredis-win\dict.c(100): note: Conversion from 'void*' to pointer to non-'void' requires an explicit cast
c:\users\cryst\downloads\gdp semester 1\6024 - components\llamadrama\solution\llamadrama\thrift-server\hiredis-win\dict.c(145): error C2440: '=': cannot convert from 'void *' to 'dictEntry *'
  c:\users\cryst\downloads\gdp semester 1\6024 - components\llamadrama\solution\llamadrama\thrift-server\hiredis-win\dict.c(145): note: Conversion from 'void*' to pointer to non-'void' requires an explicit cast
c:\users\cryst\downloads\gdp semester 1\6024 - components\llamadrama\solution\llamadrama\thrift-server\hiredis-win\dict.c(259): error C2440: 'initializing': cannot convert from 'void *' to 'dictIterator *'
  c:\users\cryst\downloads\gdp semester 1\6024 - components\llamadrama\solution\llamadrama\thrift-server\hiredis-win\dict.c(259): note: Conversion from 'void*' to pointer to non-'void' requires an explicit cast
  hiredis.c
c:\users\cryst\downloads\gdp semester 1\6024 - components\llamadrama\solution\llamadrama\thrift-server\hiredis-win\sds.h(55): warning C4200: nonstandard extension used: zero-sized array in struct/union
  c:\users\cryst\downloads\gdp semester 1\6024 - components\llamadrama\solution\llamadrama\thrift-server\hiredis-win\sds.h(55): note: This member will be ignored by a defaulted constructor or copy/move assignment operator
c:\users\cryst\downloads\gdp semester 1\6024 - components\llamadrama\solution\llamadrama\thrift-server\hiredis-win\sds.h(63): error C2440: 'initializing': cannot convert from 'void *' to 'sdshdr *'
  c:\users\cryst\downloads\gdp semester 1\6024 - components\llamadrama\solution\llamadrama\thrift-server\hiredis-win\sds.h(63): note: Conversion from 'void*' to pointer to non-'void' requires an explicit cast
c:\users\cryst\downloads\gdp semester 1\6024 - components\llamadrama\solution\llamadrama\thrift-server\hiredis-win\sds.h(72): error C2440: 'initializing': cannot convert from 'void *' to 'sdshdr *'
  c:\users\cryst\downloads\gdp semester 1\6024 - components\llamadrama\solution\llamadrama\thrift-server\hiredis-win\sds.h(72): note: Conversion from 'void*' to pointer to non-'void' requires an explicit cast
c:\users\cryst\downloads\gdp semester 1\6024 - components\llamadrama\solution\llamadrama\thrift-server\hiredis-win\hiredis.c(73): error C2440: 'initializing': cannot convert from 'void *' to 'redisReply *'
  c:\users\cryst\downloads\gdp semester 1\6024 - components\llamadrama\solution\llamadrama\thrift-server\hiredis-win\hiredis.c(73): note: Conversion from 'void*' to pointer to non-'void' requires an explicit cast
c:\users\cryst\downloads\gdp semester 1\6024 - components\llamadrama\solution\llamadrama\thrift-server\hiredis-win\hiredis.c(83): warning C4273: 'freeReplyObject': inconsistent dll linkage
  c:\users\cryst\downloads\gdp semester 1\6024 - components\llamadrama\solution\llamadrama\thrift-server\hiredis-win\hiredis.h(164): note: see previous definition of 'freeReplyObject'
c:\users\cryst\downloads\gdp semester 1\6024 - components\llamadrama\solution\llamadrama\thrift-server\hiredis-win\hiredis.c(84): error C2440: 'initializing': cannot convert from 'void *' to 'redisReply *'
  c:\users\cryst\downloads\gdp semester 1\6024 - components\llamadrama\solution\llamadrama\thrift-server\hiredis-win\hiredis.c(84): note: Conversion from 'void*' to pointer to non-'void' requires an explicit cast
c:\users\cryst\downloads\gdp semester 1\6024 - components\llamadrama\solution\llamadrama\thrift-server\hiredis-win\hiredis.c(116): error C2440: '=': cannot convert from 'void *' to 'char *'
  c:\users\cryst\downloads\gdp semester 1\6024 - components\llamadrama\solution\llamadrama\thrift-server\hiredis-win\hiredis.c(116): note: Conversion from 'void*' to pointer to non-'void' requires an explicit cast
c:\users\cryst\downloads\gdp semester 1\6024 - components\llamadrama\solution\llamadrama\thrift-server\hiredis-win\hiredis.c(133): error C2440: '=': cannot convert from 'void *' to 'redisReply *'
  c:\users\cryst\downloads\gdp semester 1\6024 - components\llamadrama\solution\llamadrama\thrift-server\hiredis-win\hiredis.c(133): note: Conversion from 'void*' to pointer to non-'void' requires an explicit cast
c:\users\cryst\downloads\gdp semester 1\6024 - components\llamadrama\solution\llamadrama\thrift-server\hiredis-win\hiredis.c(148): error C2440: '=': cannot convert from 'void *' to 'redisReply **'
  c:\users\cryst\downloads\gdp semester 1\6024 - components\llamadrama\solution\llamadrama\thrift-server\hiredis-win\hiredis.c(148): note: Conversion from 'void*' to pointer to non-'void' requires an explicit cast
c:\users\cryst\downloads\gdp semester 1\6024 - components\llamadrama\solution\llamadrama\thrift-server\hiredis-win\hiredis.c(158): error C2440: '=': cannot convert from 'void *' to 'redisReply *'
  c:\users\cryst\downloads\gdp semester 1\6024 - components\llamadrama\solution\llamadrama\thrift-server\hiredis-win\hiredis.c(158): note: Conversion from 'void*' to pointer to non-'void' requires an explicit cast
c:\users\cryst\downloads\gdp semester 1\6024 - components\llamadrama\solution\llamadrama\thrift-server\hiredis-win\hiredis.c(175): error C2440: '=': cannot convert from 'void *' to 'redisReply *'
  c:\users\cryst\downloads\gdp semester 1\6024 - components\llamadrama\solution\llamadrama\thrift-server\hiredis-win\hiredis.c(175): note: Conversion from 'void*' to pointer to non-'void' requires an explicit cast
c:\users\cryst\downloads\gdp semester 1\6024 - components\llamadrama\solution\llamadrama\thrift-server\hiredis-win\hiredis.c(190): error C2440: '=': cannot convert from 'void *' to 'redisReply *'
  c:\users\cryst\downloads\gdp semester 1\6024 - components\llamadrama\solution\llamadrama\thrift-server\hiredis-win\hiredis.c(190): note: Conversion from 'void*' to pointer to non-'void' requires an explicit cast
c:\users\cryst\downloads\gdp semester 1\6024 - components\llamadrama\solution\llamadrama\thrift-server\hiredis-win\hiredis.c(413): warning C4244: '=': conversion from '__int64' to 'long', possible loss of data
c:\users\cryst\downloads\gdp semester 1\6024 - components\llamadrama\solution\llamadrama\thrift-server\hiredis-win\hiredis.c(468): warning C4244: '=': conversion from '__int64' to 'long', possible loss of data
c:\users\cryst\downloads\gdp semester 1\6024 - components\llamadrama\solution\llamadrama\thrift-server\hiredis-win\hiredis.c(567): warning C4273: 'redisReaderCreate': inconsistent dll linkage
  c:\users\cryst\downloads\gdp semester 1\6024 - components\llamadrama\solution\llamadrama\thrift-server\hiredis-win\hiredis.h(149): note: see previous definition of 'redisReaderCreate'
c:\users\cryst\downloads\gdp semester 1\6024 - components\llamadrama\solution\llamadrama\thrift-server\hiredis-win\hiredis.c(570): error C2440: '=': cannot convert from 'void *' to 'redisReader *'
  c:\users\cryst\downloads\gdp semester 1\6024 - components\llamadrama\solution\llamadrama\thrift-server\hiredis-win\hiredis.c(570): note: Conversion from 'void*' to pointer to non-'void' requires an explicit cast
c:\users\cryst\downloads\gdp semester 1\6024 - components\llamadrama\solution\llamadrama\thrift-server\hiredis-win\hiredis.c(587): warning C4273: 'redisReaderFree': inconsistent dll linkage
  c:\users\cryst\downloads\gdp semester 1\6024 - components\llamadrama\solution\llamadrama\thrift-server\hiredis-win\hiredis.h(150): note: see previous definition of 'redisReaderFree'
c:\users\cryst\downloads\gdp semester 1\6024 - components\llamadrama\solution\llamadrama\thrift-server\hiredis-win\hiredis.c(595): warning C4273: 'redisReaderFeed': inconsistent dll linkage
  c:\users\cryst\downloads\gdp semester 1\6024 - components\llamadrama\solution\llamadrama\thrift-server\hiredis-win\hiredis.h(151): note: see previous definition of 'redisReaderFeed'
c:\users\cryst\downloads\gdp semester 1\6024 - components\llamadrama\solution\llamadrama\thrift-server\hiredis-win\hiredis.c(627): warning C4273: 'redisReaderGetReply': inconsistent dll linkage
  c:\users\cryst\downloads\gdp semester 1\6024 - components\llamadrama\solution\llamadrama\thrift-server\hiredis-win\hiredis.h(152): note: see previous definition of 'redisReaderGetReply'
c:\users\cryst\downloads\gdp semester 1\6024 - components\llamadrama\solution\llamadrama\thrift-server\hiredis-win\hiredis.c(696): warning C4273: 'redisvFormatCommand': inconsistent dll linkage
  c:\users\cryst\downloads\gdp semester 1\6024 - components\llamadrama\solution\llamadrama\thrift-server\hiredis-win\hiredis.h(167): note: see previous definition of 'redisvFormatCommand'
c:\users\cryst\downloads\gdp semester 1\6024 - components\llamadrama\solution\llamadrama\thrift-server\hiredis-win\hiredis.c(720): error C2440: '=': cannot convert from 'void *' to 'char **'
  c:\users\cryst\downloads\gdp semester 1\6024 - components\llamadrama\solution\llamadrama\thrift-server\hiredis-win\hiredis.c(720): note: Conversion from 'void*' to pointer to non-'void' requires an explicit cast
c:\users\cryst\downloads\gdp semester 1\6024 - components\llamadrama\solution\llamadrama\thrift-server\hiredis-win\hiredis.c(871): error C2440: '=': cannot convert from 'void *' to 'char **'
  c:\users\cryst\downloads\gdp semester 1\6024 - components\llamadrama\solution\llamadrama\thrift-server\hiredis-win\hiredis.c(871): note: Conversion from 'void*' to pointer to non-'void' requires an explicit cast
c:\users\cryst\downloads\gdp semester 1\6024 - components\llamadrama\solution\llamadrama\thrift-server\hiredis-win\hiredis.c(887): error C2440: '=': cannot convert from 'void *' to 'char *'
  c:\users\cryst\downloads\gdp semester 1\6024 - components\llamadrama\solution\llamadrama\thrift-server\hiredis-win\hiredis.c(887): note: Conversion from 'void*' to pointer to non-'void' requires an explicit cast
c:\users\cryst\downloads\gdp semester 1\6024 - components\llamadrama\solution\llamadrama\thrift-server\hiredis-win\hiredis.c(934): warning C4273: 'redisFormatCommand': inconsistent dll linkage
  c:\users\cryst\downloads\gdp semester 1\6024 - components\llamadrama\solution\llamadrama\thrift-server\hiredis-win\hiredis.h(168): note: see previous definition of 'redisFormatCommand'
c:\users\cryst\downloads\gdp semester 1\6024 - components\llamadrama\solution\llamadrama\thrift-server\hiredis-win\hiredis.c(948): warning C4273: 'redisFormatCommandArgv': inconsistent dll linkage
  c:\users\cryst\downloads\gdp semester 1\6024 - components\llamadrama\solution\llamadrama\thrift-server\hiredis-win\hiredis.h(169): note: see previous definition of 'redisFormatCommandArgv'
c:\users\cryst\downloads\gdp semester 1\6024 - components\llamadrama\solution\llamadrama\thrift-server\hiredis-win\hiredis.c(962): error C2440: '=': cannot convert from 'void *' to 'char *'
  c:\users\cryst\downloads\gdp semester 1\6024 - components\llamadrama\solution\llamadrama\thrift-server\hiredis-win\hiredis.c(962): note: Conversion from 'void*' to pointer to non-'void' requires an explicit cast
c:\users\cryst\downloads\gdp semester 1\6024 - components\llamadrama\solution\llamadrama\thrift-server\hiredis-win\hiredis.c(1005): error C2440: '=': cannot convert from 'void *' to 'redisContext *'
  c:\users\cryst\downloads\gdp semester 1\6024 - components\llamadrama\solution\llamadrama\thrift-server\hiredis-win\hiredis.c(1005): note: Conversion from 'void*' to pointer to non-'void' requires an explicit cast
c:\users\cryst\downloads\gdp semester 1\6024 - components\llamadrama\solution\llamadrama\thrift-server\hiredis-win\hiredis.c(1016): warning C4273: 'redisFree': inconsistent dll linkage
  c:\users\cryst\downloads\gdp semester 1\6024 - components\llamadrama\solution\llamadrama\thrift-server\hiredis-win\hiredis.h(191): note: see previous definition of 'redisFree'
c:\users\cryst\downloads\gdp semester 1\6024 - components\llamadrama\solution\llamadrama\thrift-server\hiredis-win\hiredis.c(1033): warning C4273: 'redisConnect': inconsistent dll linkage
  c:\users\cryst\downloads\gdp semester 1\6024 - components\llamadrama\solution\llamadrama\thrift-server\hiredis-win\hiredis.h(181): note: see previous definition of 'redisConnect'
c:\users\cryst\downloads\gdp semester 1\6024 - components\llamadrama\solution\llamadrama\thrift-server\hiredis-win\hiredis.c(1040): warning C4273: 'redisConnectWithTimeout': inconsistent dll linkage
  c:\users\cryst\downloads\gdp semester 1\6024 - components\llamadrama\solution\llamadrama\thrift-server\hiredis-win\hiredis.h(182): note: see previous definition of 'redisConnectWithTimeout'
c:\users\cryst\downloads\gdp semester 1\6024 - components\llamadrama\solution\llamadrama\thrift-server\hiredis-win\hiredis.c(1047): warning C4273: 'redisConnectNonBlock': inconsistent dll linkage
  c:\users\cryst\downloads\gdp semester 1\6024 - components\llamadrama\solution\llamadrama\thrift-server\hiredis-win\hiredis.h(183): note: see previous definition of 'redisConnectNonBlock'
c:\users\cryst\downloads\gdp semester 1\6024 - components\llamadrama\solution\llamadrama\thrift-server\hiredis-win\hiredis.c(1079): warning C4273: 'redisSetTimeout': inconsistent dll linkage
  c:\users\cryst\downloads\gdp semester 1\6024 - components\llamadrama\solution\llamadrama\thrift-server\hiredis-win\hiredis.h(190): note: see previous definition of 'redisSetTimeout'
c:\users\cryst\downloads\gdp semester 1\6024 - components\llamadrama\solution\llamadrama\thrift-server\hiredis-win\hiredis.c(1090): warning C4273: 'redisBufferRead': inconsistent dll linkage
  c:\users\cryst\downloads\gdp semester 1\6024 - components\llamadrama\solution\llamadrama\thrift-server\hiredis-win\hiredis.h(192): note: see previous definition of 'redisBufferRead'
c:\users\cryst\downloads\gdp semester 1\6024 - components\llamadrama\solution\llamadrama\thrift-server\hiredis-win\hiredis.c(1131): warning C4273: 'redisBufferWrite': inconsistent dll linkage
  c:\users\cryst\downloads\gdp semester 1\6024 - components\llamadrama\solution\llamadrama\thrift-server\hiredis-win\hiredis.h(193): note: see previous definition of 'redisBufferWrite'
c:\users\cryst\downloads\gdp semester 1\6024 - components\llamadrama\solution\llamadrama\thrift-server\hiredis-win\hiredis.c(1166): warning C4273: 'redisGetReplyFromReader': inconsistent dll linkage
  c:\users\cryst\downloads\gdp semester 1\6024 - components\llamadrama\solution\llamadrama\thrift-server\hiredis-win\hiredis.h(200): note: see previous definition of 'redisGetReplyFromReader'
c:\users\cryst\downloads\gdp semester 1\6024 - components\llamadrama\solution\llamadrama\thrift-server\hiredis-win\hiredis.c(1174): warning C4273: 'redisGetReply': inconsistent dll linkage
  c:\users\cryst\downloads\gdp semester 1\6024 - components\llamadrama\solution\llamadrama\thrift-server\hiredis-win\hiredis.h(199): note: see previous definition of 'redisGetReply'
c:\users\cryst\downloads\gdp semester 1\6024 - components\llamadrama\solution\llamadrama\thrift-server\hiredis-win\hiredis.c(1224): warning C4273: 'redisvAppendCommand': inconsistent dll linkage
  c:\users\cryst\downloads\gdp semester 1\6024 - components\llamadrama\solution\llamadrama\thrift-server\hiredis-win\hiredis.h(204): note: see previous definition of 'redisvAppendCommand'
c:\users\cryst\downloads\gdp semester 1\6024 - components\llamadrama\solution\llamadrama\thrift-server\hiredis-win\hiredis.c(1243): warning C4273: 'redisAppendCommand': inconsistent dll linkage
  c:\users\cryst\downloads\gdp semester 1\6024 - components\llamadrama\solution\llamadrama\thrift-server\hiredis-win\hiredis.h(205): note: see previous definition of 'redisAppendCommand'
c:\users\cryst\downloads\gdp semester 1\6024 - components\llamadrama\solution\llamadrama\thrift-server\hiredis-win\hiredis.c(1253): warning C4273: 'redisAppendCommandArgv': inconsistent dll linkage
  c:\users\cryst\downloads\gdp semester 1\6024 - components\llamadrama\solution\llamadrama\thrift-server\hiredis-win\hiredis.h(206): note: see previous definition of 'redisAppendCommandArgv'
c:\users\cryst\downloads\gdp semester 1\6024 - components\llamadrama\solution\llamadrama\thrift-server\hiredis-win\hiredis.c(1294): warning C4273: 'redisvCommand': inconsistent dll linkage
  c:\users\cryst\downloads\gdp semester 1\6024 - components\llamadrama\solution\llamadrama\thrift-server\hiredis-win\hiredis.h(213): note: see previous definition of 'redisvCommand'
c:\users\cryst\downloads\gdp semester 1\6024 - components\llamadrama\solution\llamadrama\thrift-server\hiredis-win\hiredis.c(1300): warning C4273: 'redisCommand': inconsistent dll linkage
  c:\users\cryst\downloads\gdp semester 1\6024 - components\llamadrama\solution\llamadrama\thrift-server\hiredis-win\hiredis.h(214): note: see previous definition of 'redisCommand'
c:\users\cryst\downloads\gdp semester 1\6024 - components\llamadrama\solution\llamadrama\thrift-server\hiredis-win\hiredis.c(1309): warning C4273: 'redisCommandArgv': inconsistent dll linkage
  c:\users\cryst\downloads\gdp semester 1\6024 - components\llamadrama\solution\llamadrama\thrift-server\hiredis-win\hiredis.h(215): note: see previous definition of 'redisCommandArgv'
  net.c
c:\users\cryst\downloads\gdp semester 1\6024 - components\llamadrama\solution\llamadrama\thrift-server\hiredis-win\sds.h(55): warning C4200: nonstandard extension used: zero-sized array in struct/union
  c:\users\cryst\downloads\gdp semester 1\6024 - components\llamadrama\solution\llamadrama\thrift-server\hiredis-win\sds.h(55): note: This member will be ignored by a defaulted constructor or copy/move assignment operator
c:\users\cryst\downloads\gdp semester 1\6024 - components\llamadrama\solution\llamadrama\thrift-server\hiredis-win\sds.h(63): error C2440: 'initializing': cannot convert from 'void *' to 'sdshdr *'
  c:\users\cryst\downloads\gdp semester 1\6024 - components\llamadrama\solution\llamadrama\thrift-server\hiredis-win\sds.h(63): note: Conversion from 'void*' to pointer to non-'void' requires an explicit cast
c:\users\cryst\downloads\gdp semester 1\6024 - components\llamadrama\solution\llamadrama\thrift-server\hiredis-win\sds.h(72): error C2440: 'initializing': cannot convert from 'void *' to 'sdshdr *'
  c:\users\cryst\downloads\gdp semester 1\6024 - components\llamadrama\solution\llamadrama\thrift-server\hiredis-win\sds.h(72): note: Conversion from 'void*' to pointer to non-'void' requires an explicit cast
  sds.c
c:\users\cryst\downloads\gdp semester 1\6024 - components\llamadrama\solution\llamadrama\thrift-server\hiredis-win\sds.h(55): warning C4200: nonstandard extension used: zero-sized array in struct/union
  c:\users\cryst\downloads\gdp semester 1\6024 - components\llamadrama\solution\llamadrama\thrift-server\hiredis-win\sds.h(55): note: This member will be ignored by a defaulted constructor or copy/move assignment operator
c:\users\cryst\downloads\gdp semester 1\6024 - components\llamadrama\solution\llamadrama\thrift-server\hiredis-win\sds.h(63): error C2440: 'initializing': cannot convert from 'void *' to 'sdshdr *'
  c:\users\cryst\downloads\gdp semester 1\6024 - components\llamadrama\solution\llamadrama\thrift-server\hiredis-win\sds.h(63): note: Conversion from 'void*' to pointer to non-'void' requires an explicit cast
c:\users\cryst\downloads\gdp semester 1\6024 - components\llamadrama\solution\llamadrama\thrift-server\hiredis-win\sds.h(72): error C2440: 'initializing': cannot convert from 'void *' to 'sdshdr *'
  c:\users\cryst\downloads\gdp semester 1\6024 - components\llamadrama\solution\llamadrama\thrift-server\hiredis-win\sds.h(72): note: Conversion from 'void*' to pointer to non-'void' requires an explicit cast
c:\users\cryst\downloads\gdp semester 1\6024 - components\llamadrama\solution\llamadrama\thrift-server\hiredis-win\sds.c(52): error C2440: '=': cannot convert from 'void *' to 'sdshdr *'
  c:\users\cryst\downloads\gdp semester 1\6024 - components\llamadrama\solution\llamadrama\thrift-server\hiredis-win\sds.c(52): note: Conversion from 'void*' to pointer to non-'void' requires an explicit cast
c:\users\cryst\downloads\gdp semester 1\6024 - components\llamadrama\solution\llamadrama\thrift-server\hiredis-win\sds.c(87): error C2440: 'initializing': cannot convert from 'void *' to 'sdshdr *'
  c:\users\cryst\downloads\gdp semester 1\6024 - components\llamadrama\solution\llamadrama\thrift-server\hiredis-win\sds.c(87): note: Conversion from 'void*' to pointer to non-'void' requires an explicit cast
c:\users\cryst\downloads\gdp semester 1\6024 - components\llamadrama\solution\llamadrama\thrift-server\hiredis-win\sds.c(100): error C2440: '=': cannot convert from 'void *' to 'sdshdr *'
  c:\users\cryst\downloads\gdp semester 1\6024 - components\llamadrama\solution\llamadrama\thrift-server\hiredis-win\sds.c(100): note: Conversion from 'void*' to pointer to non-'void' requires an explicit cast
c:\users\cryst\downloads\gdp semester 1\6024 - components\llamadrama\solution\llamadrama\thrift-server\hiredis-win\sds.c(102): error C2440: '=': cannot convert from 'void *' to 'sdshdr *'
  c:\users\cryst\downloads\gdp semester 1\6024 - components\llamadrama\solution\llamadrama\thrift-server\hiredis-win\sds.c(102): note: Conversion from 'void*' to pointer to non-'void' requires an explicit cast
c:\users\cryst\downloads\gdp semester 1\6024 - components\llamadrama\solution\llamadrama\thrift-server\hiredis-win\sds.c(116): error C2440: 'initializing': cannot convert from 'void *' to 'sdshdr *'
  c:\users\cryst\downloads\gdp semester 1\6024 - components\llamadrama\solution\llamadrama\thrift-server\hiredis-win\sds.c(116): note: Conversion from 'void*' to pointer to non-'void' requires an explicit cast
c:\users\cryst\downloads\gdp semester 1\6024 - components\llamadrama\solution\llamadrama\thrift-server\hiredis-win\sds.c(124): error C2440: '=': cannot convert from 'void *' to 'sdshdr *'
  c:\users\cryst\downloads\gdp semester 1\6024 - components\llamadrama\solution\llamadrama\thrift-server\hiredis-win\sds.c(124): note: Conversion from 'void*' to pointer to non-'void' requires an explicit cast
c:\users\cryst\downloads\gdp semester 1\6024 - components\llamadrama\solution\llamadrama\thrift-server\hiredis-win\sds.c(138): error C2440: '=': cannot convert from 'void *' to 'sdshdr *'
  c:\users\cryst\downloads\gdp semester 1\6024 - components\llamadrama\solution\llamadrama\thrift-server\hiredis-win\sds.c(138): note: Conversion from 'void*' to pointer to non-'void' requires an explicit cast
c:\users\cryst\downloads\gdp semester 1\6024 - components\llamadrama\solution\llamadrama\thrift-server\hiredis-win\sds.c(151): error C2440: 'initializing': cannot convert from 'void *' to 'sdshdr *'
  c:\users\cryst\downloads\gdp semester 1\6024 - components\llamadrama\solution\llamadrama\thrift-server\hiredis-win\sds.c(151): note: Conversion from 'void*' to pointer to non-'void' requires an explicit cast
c:\users\cryst\downloads\gdp semester 1\6024 - components\llamadrama\solution\llamadrama\thrift-server\hiredis-win\sds.c(157): error C2440: '=': cannot convert from 'void *' to 'sdshdr *'
  c:\users\cryst\downloads\gdp semester 1\6024 - components\llamadrama\solution\llamadrama\thrift-server\hiredis-win\sds.c(157): note: Conversion from 'void*' to pointer to non-'void' requires an explicit cast
c:\users\cryst\downloads\gdp semester 1\6024 - components\llamadrama\solution\llamadrama\thrift-server\hiredis-win\sds.c(177): error C2440: '=': cannot convert from 'void *' to 'char *'
  c:\users\cryst\downloads\gdp semester 1\6024 - components\llamadrama\solution\llamadrama\thrift-server\hiredis-win\sds.c(177): note: Conversion from 'void*' to pointer to non-'void' requires an explicit cast
c:\users\cryst\downloads\gdp semester 1\6024 - components\llamadrama\solution\llamadrama\thrift-server\hiredis-win\sds.c(208): error C2440: 'initializing': cannot convert from 'void *' to 'sdshdr *'
  c:\users\cryst\downloads\gdp semester 1\6024 - components\llamadrama\solution\llamadrama\thrift-server\hiredis-win\sds.c(208): note: Conversion from 'void*' to pointer to non-'void' requires an explicit cast
c:\users\cryst\downloads\gdp semester 1\6024 - components\llamadrama\solution\llamadrama\thrift-server\hiredis-win\sds.c(225): error C2440: 'initializing': cannot convert from 'void *' to 'sdshdr *'
  c:\users\cryst\downloads\gdp semester 1\6024 - components\llamadrama\solution\llamadrama\thrift-server\hiredis-win\sds.c(225): note: Conversion from 'void*' to pointer to non-'void' requires an explicit cast
c:\users\cryst\downloads\gdp semester 1\6024 - components\llamadrama\solution\llamadrama\thrift-server\hiredis-win\sds.c(298): error C2440: 'initializing': cannot convert from 'void *' to 'sds *'
  c:\users\cryst\downloads\gdp semester 1\6024 - components\llamadrama\solution\llamadrama\thrift-server\hiredis-win\sds.c(298): note: Conversion from 'void*' to pointer to non-'void' requires an explicit cast
c:\users\cryst\downloads\gdp semester 1\6024 - components\llamadrama\solution\llamadrama\thrift-server\hiredis-win\sds.c(313): error C2440: '=': cannot convert from 'void *' to 'sds *'
  c:\users\cryst\downloads\gdp semester 1\6024 - components\llamadrama\solution\llamadrama\thrift-server\hiredis-win\sds.c(313): note: Conversion from 'void*' to pointer to non-'void' requires an explicit cast
c:\users\cryst\downloads\gdp semester 1\6024 - components\llamadrama\solution\llamadrama\thrift-server\hiredis-win\sds.c(489): error C2440: '=': cannot convert from 'void *' to 'char **'
  c:\users\cryst\downloads\gdp semester 1\6024 - components\llamadrama\solution\llamadrama\thrift-server\hiredis-win\sds.c(489): note: Conversion from 'void*' to pointer to non-'void' requires an explicit cast
